<?xml version="1.0" encoding="UTF-8"?>
<!-- Generated by org.testng.reporters.JUnitXMLReporter -->
<testsuite ignored="0" hostname="LTIN485618" failures="0" tests="4" name="Test" time="275.743" errors="0" timestamp="2024-02-14T16:46:03 IST">
  <testcase classname="TestCases.TC_001_UserVerification" name="Verify_UserVerification" time="34.105"/>
  <testcase classname="TestCases.TC_002_ClickDropdown" name="Verify_Click_Dropdown" time="0.351"/>
  <testcase classname="TestCases.TC_002_ClickDropdown" name="getSubHeader" time="213.083"/>
  <testcase classname="TestCases.TC_003_EthicsandCompliance" name="Verify_Ethicsandcompliance" time="2.826"/>
</testsuite> <!-- Test -->
