<?xml version="1.0" encoding="UTF-8"?>
<!-- Generated by org.testng.reporters.JUnitXMLReporter -->
<testsuite ignored="0" hostname="LTIN485618" failures="0" tests="4" name="Test" time="288.336" errors="0" timestamp="2024-02-18T20:01:06 IST">
  <testcase classname="TestCases.TC_001_UserVerification" name="Verify_UserVerification" time="34.963"/>
  <testcase classname="TestCases.TC_002_ClickDropdown" name="Verify_Click_Dropdown" time="0.406"/>
  <testcase classname="TestCases.TC_002_ClickDropdown" name="getSubHeader" time="215.595"/>
  <testcase classname="TestCases.TC_003_EthicsandCompliance" name="Verify_Ethicsandcompliance" time="3.942"/>
</testsuite> <!-- Test -->
