<?xml version="1.0" encoding="UTF-8"?>
<testng-results ignored="0" total="4" passed="4" failed="0" skipped="0">
  <reporter-output>
  </reporter-output>
  <suite started-at="2024-02-18T19:56:17 IST" name="Suite" finished-at="2024-02-18T20:01:06 IST" duration-ms="288336">
    <groups>
      <group name="regression">
        <method signature="TC_001_UserVerification.Verify_UserVerification()[pri:1, instance:TestCases.TC_001_UserVerification@52af26ee]" name="Verify_UserVerification" class="TestCases.TC_001_UserVerification"/>
        <method signature="TC_002_ClickDropdown.Verify_Click_Dropdown()[pri:2, instance:TestCases.TC_002_ClickDropdown@d5b810e]" name="Verify_Click_Dropdown" class="TestCases.TC_002_ClickDropdown"/>
        <method signature="TC_002_ClickDropdown.getSubHeader()[pri:2, instance:TestCases.TC_002_ClickDropdown@d5b810e]" name="getSubHeader" class="TestCases.TC_002_ClickDropdown"/>
      </group> <!-- regression -->
      <group name="sanity">
        <method signature="TC_003_EthicsandCompliance.Verify_Ethicsandcompliance()[pri:3, instance:TestCases.TC_003_EthicsandCompliance@43dac38f]" name="Verify_Ethicsandcompliance" class="TestCases.TC_003_EthicsandCompliance"/>
      </group> <!-- sanity -->
      <group name="master">
        <method signature="TC_001_UserVerification.Verify_UserVerification()[pri:1, instance:TestCases.TC_001_UserVerification@52af26ee]" name="Verify_UserVerification" class="TestCases.TC_001_UserVerification"/>
        <method signature="TC_002_ClickDropdown.Verify_Click_Dropdown()[pri:2, instance:TestCases.TC_002_ClickDropdown@d5b810e]" name="Verify_Click_Dropdown" class="TestCases.TC_002_ClickDropdown"/>
        <method signature="TC_002_ClickDropdown.getSubHeader()[pri:2, instance:TestCases.TC_002_ClickDropdown@d5b810e]" name="getSubHeader" class="TestCases.TC_002_ClickDropdown"/>
        <method signature="TC_003_EthicsandCompliance.Verify_Ethicsandcompliance()[pri:3, instance:TestCases.TC_003_EthicsandCompliance@43dac38f]" name="Verify_Ethicsandcompliance" class="TestCases.TC_003_EthicsandCompliance"/>
      </group> <!-- master -->
    </groups>
    <test started-at="2024-02-18T19:56:17 IST" name="Test" finished-at="2024-02-18T20:01:06 IST" duration-ms="288336">
      <class name="TestCases.TC_003_EthicsandCompliance">
        <test-method is-config="true" signature="setup(java.lang.String)[pri:0, instance:TestCases.TC_003_EthicsandCompliance@43dac38f]" started-at="2024-02-18T20:00:51 IST" name="setup" finished-at="2024-02-18T20:01:00 IST" duration-ms="9352" status="PASS">
          <params>
            <param index="0">
              <value>
                <![CDATA[chrome]]>
              </value>
            </param>
          </params>
          <reporter-output>
          </reporter-output>
        </test-method> <!-- setup -->
        <test-method signature="Verify_Ethicsandcompliance()[pri:3, instance:TestCases.TC_003_EthicsandCompliance@43dac38f]" started-at="2024-02-18T20:01:00 IST" name="Verify_Ethicsandcompliance" finished-at="2024-02-18T20:01:04 IST" duration-ms="3942" status="PASS">
          <reporter-output>
          </reporter-output>
        </test-method> <!-- Verify_Ethicsandcompliance -->
        <test-method is-config="true" signature="tearDown()[pri:0, instance:TestCases.TC_003_EthicsandCompliance@43dac38f]" started-at="2024-02-18T20:01:04 IST" name="tearDown" finished-at="2024-02-18T20:01:06 IST" duration-ms="1261" status="PASS">
          <reporter-output>
          </reporter-output>
        </test-method> <!-- tearDown -->
      </class> <!-- TestCases.TC_003_EthicsandCompliance -->
      <class name="TestCases.TC_001_UserVerification">
        <test-method is-config="true" signature="setup(java.lang.String)[pri:0, instance:TestCases.TC_001_UserVerification@52af26ee]" started-at="2024-02-18T19:56:18 IST" name="setup" finished-at="2024-02-18T19:56:30 IST" duration-ms="12316" status="PASS">
          <params>
            <param index="0">
              <value>
                <![CDATA[chrome]]>
              </value>
            </param>
          </params>
          <reporter-output>
          </reporter-output>
        </test-method> <!-- setup -->
        <test-method signature="Verify_UserVerification()[pri:1, instance:TestCases.TC_001_UserVerification@52af26ee]" started-at="2024-02-18T19:56:30 IST" name="Verify_UserVerification" finished-at="2024-02-18T19:57:05 IST" duration-ms="34963" status="PASS">
          <reporter-output>
          </reporter-output>
        </test-method> <!-- Verify_UserVerification -->
        <test-method is-config="true" signature="tearDown()[pri:0, instance:TestCases.TC_001_UserVerification@52af26ee]" started-at="2024-02-18T19:57:05 IST" name="tearDown" finished-at="2024-02-18T19:57:06 IST" duration-ms="1146" status="PASS">
          <reporter-output>
          </reporter-output>
        </test-method> <!-- tearDown -->
      </class> <!-- TestCases.TC_001_UserVerification -->
      <class name="TestCases.TC_002_ClickDropdown">
        <test-method is-config="true" signature="setup(java.lang.String)[pri:0, instance:TestCases.TC_002_ClickDropdown@d5b810e]" started-at="2024-02-18T19:57:06 IST" name="setup" finished-at="2024-02-18T19:57:14 IST" duration-ms="7789" status="PASS">
          <params>
            <param index="0">
              <value>
                <![CDATA[chrome]]>
              </value>
            </param>
          </params>
          <reporter-output>
          </reporter-output>
        </test-method> <!-- setup -->
        <test-method signature="Verify_Click_Dropdown()[pri:2, instance:TestCases.TC_002_ClickDropdown@d5b810e]" started-at="2024-02-18T19:57:14 IST" name="Verify_Click_Dropdown" finished-at="2024-02-18T19:57:14 IST" duration-ms="406" status="PASS">
          <reporter-output>
          </reporter-output>
        </test-method> <!-- Verify_Click_Dropdown -->
        <test-method signature="getSubHeader()[pri:2, instance:TestCases.TC_002_ClickDropdown@d5b810e]" started-at="2024-02-18T19:57:14 IST" name="getSubHeader" finished-at="2024-02-18T20:00:50 IST" duration-ms="215595" status="PASS">
          <reporter-output>
          </reporter-output>
        </test-method> <!-- getSubHeader -->
        <test-method is-config="true" signature="tearDown()[pri:0, instance:TestCases.TC_002_ClickDropdown@d5b810e]" started-at="2024-02-18T20:00:50 IST" name="tearDown" finished-at="2024-02-18T20:00:51 IST" duration-ms="1176" status="PASS">
          <reporter-output>
          </reporter-output>
        </test-method> <!-- tearDown -->
      </class> <!-- TestCases.TC_002_ClickDropdown -->
    </test> <!-- Test -->
  </suite> <!-- Suite -->
</testng-results>
