<?xml version="1.0" encoding="UTF-8"?>
<testsuite xmlns:xsi="http://www.w3.org/2001/XMLSchema-instance" xsi:noNamespaceSchemaLocation="https://maven.apache.org/surefire/maven-surefire-plugin/xsd/surefire-test-report-3.0.xsd" version="3.0" name="TestSuite" time="291.021" tests="4" errors="0" skipped="0" failures="0">
  <properties>
[...]
</properties>
  <testcase name="Verify_UserVerification" classname="TestCases.TC_001_UserVerification" time="34.965">
    <system-out><![CDATA[--------------- Personal Info ---------------
Name     : Gawande, Swaraj (Cognizant)
Mail Id  : 2304106@cognizant.com
---------------------------------------------
]]></system-out>
  </testcase>
  <testcase name="Verify_Click_Dropdown" classname="TestCases.TC_002_ClickDropdown" time="0.406">
    <system-out><![CDATA[
 -------------------- Header List--------------------- 

	 be.cognizant
	 Company
	 Service Lines
	 Sales Resources
	 Markets and Countries
	 Corporate Functions
	 People
sheet foundName: /xl/worksheets/sheet2.xml - Content Type: application/vnd.openxmlformats-officedocument.spreadsheetml.worksheet+xml
]]></system-out>
  </testcase>
  <testcase name="getSubHeader" classname="TestCases.TC_002_ClickDropdown" time="215.595">
    <system-out><![CDATA[ 
 -------- Company  Sub Header List  -------  

sheet foundName: /xl/worksheets/sheet3.xml - Content Type: application/vnd.openxmlformats-officedocument.spreadsheetml.worksheet+xml
About Cognizant
Acronyms
Bluebolt
Brand Resources
Environmental Social Governance
Executive Committee
Executive Assistants
The Cognizant Agenda
Ravi Kumar S: A Journey of Growth
 
 -------- Service Lines  Sub Header List  -------  

createdd sheet Name: /xl/worksheets/sheet3.xml - Content Type: application/vnd.openxmlformats-officedocument.spreadsheetml.worksheet+xml
Service Lines Home
Core Technologies & Insights (CT&I)
Enterprise Platform Services (EPS)
Industry Solutions Group (ISG)
Intuitive Operations & Automation (IOA)
Software & Platform Engineering (SPE)
Enablement: Application Lifecycle Management
Enablement: Project & Program Management
Enablement: Delivery Excellence
Enablement: Global Solution Architecture (GSA)

 -----Hover Element------ 

sheet foundName: /xl/worksheets/sheet4.xml - Content Type: application/vnd.openxmlformats-officedocument.spreadsheetml.worksheet+xml
Artificial Intelligence & Analytics (AI&A)
Internet of Things (IoT)
Cloud, Infrastructure & Security (CIS)
Sustainability Services

 -----Hover Element------ 

createdd sheet Name: /xl/worksheets/sheet4.xml - Content Type: application/vnd.openxmlformats-officedocument.spreadsheetml.worksheet+xml
Application Development & Management (ADM)
Digital Experience (DX)
Digital Engineering (DE)
Quality Engineering & Assurance (QEA)
 
 -------- Sales Resources  Sub Header List  -------  

createdd sheet Name: /xl/worksheets/sheet3.xml - Content Type: application/vnd.openxmlformats-officedocument.spreadsheetml.worksheet+xml
Case Studies
Global Partner Ecosystem
Global Sales and Consulting Education
Global Sales Operations
What We Sell
 
 -------- Markets and Countries  Sub Header List  -------  

createdd sheet Name: /xl/worksheets/sheet3.xml - Content Type: application/vnd.openxmlformats-officedocument.spreadsheetml.worksheet+xml
Americas
Asia Pacific and Japan
Europe, the Middle East and Africa
Consulting
India

 -----Hover Element------ 

createdd sheet Name: /xl/worksheets/sheet4.xml - Content Type: application/vnd.openxmlformats-officedocument.spreadsheetml.worksheet+xml
Countries
Products and Resources (P&R)
Commercial Operations

 ----- End Hover Element------ 

sheet foundName: /xl/worksheets/sheet5.xml - Content Type: application/vnd.openxmlformats-officedocument.spreadsheetml.worksheet+xml
Argentina
Brazil
Canada
Chile
Colombia
Costa Rica
Mexico
United States of America

 -----Hover Element------ 

createdd sheet Name: /xl/worksheets/sheet4.xml - Content Type: application/vnd.openxmlformats-officedocument.spreadsheetml.worksheet+xml
Countries
Products and Resources (P&R)
Commercial Operations


 ----- End Hover Element------ 

createdd sheet Name: /xl/worksheets/sheet5.xml - Content Type: application/vnd.openxmlformats-officedocument.spreadsheetml.worksheet+xml
Argentina
Brazil
Canada
Chile
Colombia
Costa Rica
Mexico
United States of America

 -----Hover Element------ 

createdd sheet Name: /xl/worksheets/sheet4.xml - Content Type: application/vnd.openxmlformats-officedocument.spreadsheetml.worksheet+xml
Countries
Products and Resources (P&R)
Commercial Operations


 ----- End Hover Element------ 

createdd sheet Name: /xl/worksheets/sheet5.xml - Content Type: application/vnd.openxmlformats-officedocument.spreadsheetml.worksheet+xml
Argentina
Brazil
Canada
Chile
Colombia
Costa Rica
Mexico
United States of America
 
 -------- Corporate Functions  Sub Header List  -------  

createdd sheet Name: /xl/worksheets/sheet3.xml - Content Type: application/vnd.openxmlformats-officedocument.spreadsheetml.worksheet+xml
Finance
Human Resources
Legal & Corporate Affairs
Marketing
Security and Technology

 -----Hover Element------ 

createdd sheet Name: /xl/worksheets/sheet4.xml - Content Type: application/vnd.openxmlformats-officedocument.spreadsheetml.worksheet+xml
Client Audit Management (CAM)
Client Scorecard
Corporate Development
Competitive and Market Intelligence
Corporate Strategy
Finance Academy
Finance Global Procedures and Policies
Global Pricing
Project Cost Baseline
Travel and Expense

 -----Hover Element------ 

createdd sheet Name: /xl/worksheets/sheet4.xml - Content Type: application/vnd.openxmlformats-officedocument.spreadsheetml.worksheet+xml
Global Legal
Ethics and Compliance
Global Corporate Policies
Global Privacy
Procurement
Corporate Real-Estate Workplace Services
Contract Lifecycle Risk Management

 ----- End Hover Element------ 

createdd sheet Name: /xl/worksheets/sheet5.xml - Content Type: application/vnd.openxmlformats-officedocument.spreadsheetml.worksheet+xml
Global Environment Health and Safety

 ----- End Hover Element------ 

createdd sheet Name: /xl/worksheets/sheet5.xml - Content Type: application/vnd.openxmlformats-officedocument.spreadsheetml.worksheet+xml
CWW Contracting Assurance and Signature
Dedicated Contract Commercial Management
MyContracts
Risk Based Contracting
SOW Support Center

 -----Hover Element------ 

createdd sheet Name: /xl/worksheets/sheet4.xml - Content Type: application/vnd.openxmlformats-officedocument.spreadsheetml.worksheet+xml
Analyst Relations
Brand, Thought Leadership & Digital Marketing
Brand Resources
Client Experience
Cognizant Research
Communications
Events and Sponsorships
GGM Field Marketing
Martech
Social Media
World Economic Forum

 ----- End Hover Element------ 

createdd sheet Name: /xl/worksheets/sheet5.xml - Content Type: application/vnd.openxmlformats-officedocument.spreadsheetml.worksheet+xml
Client Advocacy
Client Briefings
Client Insights

 -----Hover Element------ 

createdd sheet Name: /xl/worksheets/sheet4.xml - Content Type: application/vnd.openxmlformats-officedocument.spreadsheetml.worksheet+xml
IT
Corporate Security
 
 -------- People  Sub Header List  -------  

createdd sheet Name: /xl/worksheets/sheet3.xml - Content Type: application/vnd.openxmlformats-officedocument.spreadsheetml.worksheet+xml
People Home
Careers
Diversity and Inclusion
Global Mobility
Learning and Development
Onboarding
Outreach Volunteer Program
People Leader Hub
People Policies
Rewards, Life and Work

 -----Hover Element------ 

createdd sheet Name: /xl/worksheets/sheet4.xml - Content Type: application/vnd.openxmlformats-officedocument.spreadsheetml.worksheet+xml
Internal Job Moves
Performance Management

 -----Hover Element------ 

createdd sheet Name: /xl/worksheets/sheet4.xml - Content Type: application/vnd.openxmlformats-officedocument.spreadsheetml.worksheet+xml
Affinity Groups & Councils

 -----Hover Element------ 

createdd sheet Name: /xl/worksheets/sheet4.xml - Content Type: application/vnd.openxmlformats-officedocument.spreadsheetml.worksheet+xml
Benefits and Wellbeing
Holiday Schedules
Money
Recognition (Cheers)
]]></system-out>
  </testcase>
  <testcase name="Verify_Ethicsandcompliance" classname="TestCases.TC_003_EthicsandCompliance" time="3.943">
    <system-out><![CDATA[The heading on which we are going to click :- Legal & Corporate Affairs
data got : [Helpline, Code of Ethics, Global Corporate Policies, Ethics & Compliance Policies, Ethics & Compliance Ambassadors, Ethics & Compliance Program Overview, Ethics & Compliance Program Presentation, Global Privacy, Regulatory & BU Compliance]
]]></system-out>
  </testcase>
</testsuite>